[1] "Radi: 1n"
[1] "Radi: DSM"
[1] "Year: 2022"
[1] "db_root: v:/database"
[1] "fx_path: c:/biomet.net/R/database_functions"
[1] "v:/database/Calculation_Procedures/TraceAnalysis_ini/DSM"
[1] "Zoran----------"
Loading required package: dplyr

Attaching package: 'dplyr'

The following objects are masked from 'package:stats':

    filter, lag

The following objects are masked from 'package:base':

    intersect, setdiff, setequal, union

Loading required package: lubridate

Attaching package: 'lubridate'

The following objects are masked from 'package:base':

    date, intersect, setdiff, union

Error in file(filename, "r", encoding = encoding) : 
  cannot open the connection
Calls: StageThree_REddyProc -> source -> file
In addition: There were 50 or more warnings (use warnings() to see the first 50)
Execution halted
